running CONFIG_SHELL=/bin/bash /bin/bash ./configure  --with-llvm=/home/xuanji/llvm/llvm-2.7/ --with-uclibc=/home/xuanji/klee-uclibc/ --enable-posix-runtime  --no-create --no-recursion
checking build system type... i686-pc-linux-gnu
checking host system type... i686-pc-linux-gnu
checking target system type... i686-pc-linux-gnu
checking type of operating system we're going to host on... 
checking llvm source dir... /home/xuanji/llvm/llvm-2.7
checking llvm obj dir... /home/xuanji/llvm/llvm-2.7
checking llvm package version... 2.7
checking llvm version major... 2
checking llvm version minor... 7
checking llvm is release version... 1
checking uclibc... /home/xuanji/klee-uclibc
checking POSIX runtime... yes
checking runtime configuration... Release
checking for gcc... gcc
checking for C compiler default output file name... a.out
checking whether the C compiler works... yes
checking whether we are cross compiling... no
checking for suffix of executables... 
checking for suffix of object files... o
checking whether we are using the GNU C compiler... yes
checking whether gcc accepts -g... yes
checking for gcc option to accept ISO C89... none needed
checking how to run the C preprocessor... gcc -E
checking for grep that handles long lines and -e... /bin/grep
checking for egrep... /bin/grep -E
checking for ANSI C header files... yes
checking for sys/types.h... yes
checking for sys/stat.h... yes
checking for stdlib.h... yes
checking for string.h... yes
checking for memory.h... yes
checking for strings.h... yes
checking for inttypes.h... yes
checking for stdint.h... yes
checking for unistd.h... yes
checking sys/acl.h usability... no
checking sys/acl.h presence... no
checking for sys/acl.h... no
checking for g++... g++
checking whether we are using the GNU C++ compiler... yes
checking whether g++ accepts -g... yes
checking how to run the C++ preprocessor... g++ -E
checking selinux/selinux.h usability... no
checking selinux/selinux.h presence... no
checking for selinux/selinux.h... no
configure: creating ./config.status
